<?xml version="1.0" encoding="UTF-8"?>
<!-- Generated by org.testng.reporters.JUnitReportReporter -->
<testsuite skipped="0" hostname="Mirna" name="test.AddCustomerTest" tests="1" failures="0" timestamp="2021-08-13T12:21:06 CDT" time="15.241" errors="0">
  <testcase name="validUserToAddCustomer" time="15.241" classname="test.AddCustomerTest"/>
  <system-out/>
</testsuite> <!-- test.AddCustomerTest -->
