<?xml version="1.0" encoding="UTF-8"?>
<!-- Generated by org.testng.reporters.JUnitReportReporter -->
<testsuite skipped="0" hostname="Mirna" name="test.LaunchME" tests="1" failures="0" timestamp="2021-06-08T21:11:01 CDT" time="2.672" errors="0">
  <testcase name="loginTest" time="2.672" classname="test.LaunchME"/>
  <system-out/>
</testsuite> <!-- test.LaunchME -->
